<?xml version="1.0" encoding="UTF-8"?>
<testsuite name="com.empresax.autonomo.GestaoMicroNegocio.GestaoMicroNegocioApplicationTests" tests="1" skipped="0" failures="0" errors="0" timestamp="2021-04-20T20:45:06" hostname="ph" time="0.072">
  <properties/>
  <testcase name="contextLoads()" classname="com.empresax.autonomo.GestaoMicroNegocio.GestaoMicroNegocioApplicationTests" time="0.072"/>
  <system-out><![CDATA[17:45:01.549 [Test worker] DEBUG org.springframework.test.context.BootstrapUtils - Instantiating CacheAwareContextLoaderDelegate from class [org.springframework.test.context.cache.DefaultCacheAwareContextLoaderDelegate]
17:45:01.559 [Test worker] DEBUG org.springframework.test.context.BootstrapUtils - Instantiating BootstrapContext using constructor [public org.springframework.test.context.support.DefaultBootstrapContext(java.lang.Class,org.springframework.test.context.CacheAwareContextLoaderDelegate)]
17:45:01.583 [Test worker] DEBUG org.springframework.test.context.BootstrapUtils - Instantiating TestContextBootstrapper for test class [com.empresax.autonomo.GestaoMicroNegocio.GestaoMicroNegocioApplicationTests] from class [org.springframework.boot.test.context.SpringBootTestContextBootstrapper]
17:45:01.603 [Test worker] INFO org.springframework.boot.test.context.SpringBootTestContextBootstrapper - Neither @ContextConfiguration nor @ContextHierarchy found for test class [com.empresax.autonomo.GestaoMicroNegocio.GestaoMicroNegocioApplicationTests], using SpringBootContextLoader
17:45:01.606 [Test worker] DEBUG org.springframework.test.context.support.AbstractContextLoader - Did not detect default resource location for test class [com.empresax.autonomo.GestaoMicroNegocio.GestaoMicroNegocioApplicationTests]: class path resource [com/empresax/autonomo/GestaoMicroNegocio/GestaoMicroNegocioApplicationTests-context.xml] does not exist
17:45:01.607 [Test worker] DEBUG org.springframework.test.context.support.AbstractContextLoader - Did not detect default resource location for test class [com.empresax.autonomo.GestaoMicroNegocio.GestaoMicroNegocioApplicationTests]: class path resource [com/empresax/autonomo/GestaoMicroNegocio/GestaoMicroNegocioApplicationTestsContext.groovy] does not exist
17:45:01.607 [Test worker] INFO org.springframework.test.context.support.AbstractContextLoader - Could not detect default resource locations for test class [com.empresax.autonomo.GestaoMicroNegocio.GestaoMicroNegocioApplicationTests]: no resource found for suffixes {-context.xml, Context.groovy}.
17:45:01.608 [Test worker] INFO org.springframework.test.context.support.AnnotationConfigContextLoaderUtils - Could not detect default configuration classes for test class [com.empresax.autonomo.GestaoMicroNegocio.GestaoMicroNegocioApplicationTests]: GestaoMicroNegocioApplicationTests does not declare any static, non-private, non-final, nested classes annotated with @Configuration.
17:45:01.660 [Test worker] DEBUG org.springframework.test.context.support.ActiveProfilesUtils - Could not find an 'annotation declaring class' for annotation type [org.springframework.test.context.ActiveProfiles] and class [com.empresax.autonomo.GestaoMicroNegocio.GestaoMicroNegocioApplicationTests]
17:45:01.702 [Test worker] DEBUG org.springframework.context.annotation.ClassPathScanningCandidateComponentProvider - Identified candidate component class: file [/home/paulo/Desktop/SpringProjects/AppAutonomoWebService/build/classes/java/main/com/empresax/autonomo/GestaoMicroNegocioApplication.class]
17:45:01.703 [Test worker] INFO org.springframework.boot.test.context.SpringBootTestContextBootstrapper - Found @SpringBootConfiguration com.empresax.autonomo.GestaoMicroNegocioApplication for test class com.empresax.autonomo.GestaoMicroNegocio.GestaoMicroNegocioApplicationTests
17:45:01.784 [Test worker] DEBUG org.springframework.boot.test.context.SpringBootTestContextBootstrapper - @TestExecutionListeners is not present for class [com.empresax.autonomo.GestaoMicroNegocio.GestaoMicroNegocioApplicationTests]: using defaults.
17:45:01.785 [Test worker] INFO org.springframework.boot.test.context.SpringBootTestContextBootstrapper - Loaded default TestExecutionListener class names from location [META-INF/spring.factories]: [org.springframework.boot.test.autoconfigure.restdocs.RestDocsTestExecutionListener, org.springframework.boot.test.autoconfigure.web.client.MockRestServiceServerResetTestExecutionListener, org.springframework.boot.test.autoconfigure.web.servlet.MockMvcPrintOnlyOnFailureTestExecutionListener, org.springframework.boot.test.autoconfigure.web.servlet.WebDriverTestExecutionListener, org.springframework.boot.test.autoconfigure.webservices.client.MockWebServiceServerTestExecutionListener, org.springframework.boot.test.mock.mockito.MockitoTestExecutionListener, org.springframework.boot.test.mock.mockito.ResetMocksTestExecutionListener, org.springframework.test.context.web.ServletTestExecutionListener, org.springframework.test.context.support.DirtiesContextBeforeModesTestExecutionListener, org.springframework.test.context.event.ApplicationEventsTestExecutionListener, org.springframework.test.context.support.DependencyInjectionTestExecutionListener, org.springframework.test.context.support.DirtiesContextTestExecutionListener, org.springframework.test.context.transaction.TransactionalTestExecutionListener, org.springframework.test.context.jdbc.SqlScriptsTestExecutionListener, org.springframework.test.context.event.EventPublishingTestExecutionListener]
17:45:01.797 [Test worker] INFO org.springframework.boot.test.context.SpringBootTestContextBootstrapper - Using TestExecutionListeners: [org.springframework.test.context.web.ServletTestExecutionListener@2afdce09, org.springframework.test.context.support.DirtiesContextBeforeModesTestExecutionListener@4238209, org.springframework.test.context.event.ApplicationEventsTestExecutionListener@161a1985, org.springframework.boot.test.mock.mockito.MockitoTestExecutionListener@646de24f, org.springframework.boot.test.autoconfigure.SpringBootDependencyInjectionTestExecutionListener@20a4f54d, org.springframework.test.context.support.DirtiesContextTestExecutionListener@380f189a, org.springframework.test.context.transaction.TransactionalTestExecutionListener@7e1ff82f, org.springframework.test.context.jdbc.SqlScriptsTestExecutionListener@75eb0239, org.springframework.test.context.event.EventPublishingTestExecutionListener@72629f54, org.springframework.boot.test.autoconfigure.restdocs.RestDocsTestExecutionListener@32e9824a, org.springframework.boot.test.autoconfigure.web.client.MockRestServiceServerResetTestExecutionListener@3336cab8, org.springframework.boot.test.autoconfigure.web.servlet.MockMvcPrintOnlyOnFailureTestExecutionListener@1ee1ec2d, org.springframework.boot.test.autoconfigure.web.servlet.WebDriverTestExecutionListener@789f589a, org.springframework.boot.test.autoconfigure.webservices.client.MockWebServiceServerTestExecutionListener@69a7e11, org.springframework.boot.test.mock.mockito.ResetMocksTestExecutionListener@3fc0770]
17:45:01.839 [Test worker] DEBUG org.springframework.test.context.support.AbstractDirtiesContextTestExecutionListener - Before test class: context [DefaultTestContext@203a6f25 testClass = GestaoMicroNegocioApplicationTests, testInstance = [null], testMethod = [null], testException = [null], mergedContextConfiguration = [WebMergedContextConfiguration@8830a0d testClass = GestaoMicroNegocioApplicationTests, locations = '{}', classes = '{class com.empresax.autonomo.GestaoMicroNegocioApplication}', contextInitializerClasses = '[]', activeProfiles = '{}', propertySourceLocations = '{}', propertySourceProperties = '{org.springframework.boot.test.context.SpringBootTestContextBootstrapper=true}', contextCustomizers = set[org.springframework.boot.test.autoconfigure.actuate.metrics.MetricsExportContextCustomizerFactory$DisableMetricExportContextCustomizer@67800973, org.springframework.boot.test.autoconfigure.properties.PropertyMappingContextCustomizer@0, org.springframework.boot.test.autoconfigure.web.servlet.WebDriverContextCustomizerFactory$Customizer@5be46e9d, org.springframework.boot.test.context.filter.ExcludeFilterContextCustomizer@2c1ae5f3, org.springframework.boot.test.json.DuplicateJsonObjectContextCustomizerFactory$DuplicateJsonObjectContextCustomizer@4749b436, org.springframework.boot.test.mock.mockito.MockitoContextCustomizer@0, org.springframework.boot.test.web.client.TestRestTemplateContextCustomizer@6769c14f, org.springframework.boot.test.context.SpringBootTestArgs@1, org.springframework.boot.test.context.SpringBootTestWebEnvironment@6356b510], resourceBasePath = 'src/main/webapp', contextLoader = 'org.springframework.boot.test.context.SpringBootContextLoader', parent = [null]], attributes = map['org.springframework.test.context.web.ServletTestExecutionListener.activateListener' -> true]], class annotated with @DirtiesContext [false] with mode [null].
17:45:01.864 [Test worker] DEBUG org.springframework.test.context.support.TestPropertySourceUtils - Adding inlined properties to environment: {spring.jmx.enabled=false, org.springframework.boot.test.context.SpringBootTestContextBootstrapper=true}

  .   ____          _            __ _ _
 /\\ / ___'_ __ _ _(_)_ __  __ _ \ \ \ \
( ( )\___ | '_ | '_| | '_ \/ _` | \ \ \ \
 \\/  ___)| |_)| | | | | || (_| |  ) ) ) )
  '  |____| .__|_| |_|_| |_\__, | / / / /
 =========|_|==============|___/=/_/_/_/
 :: Spring Boot ::                (v2.4.3)

2021-04-20 17:45:02.065  INFO 7003 --- [    Test worker] e.a.G.GestaoMicroNegocioApplicationTests : Starting GestaoMicroNegocioApplicationTests using Java 11.0.10 on ph with PID 7003 (started by paulo in /home/paulo/Desktop/SpringProjects/AppAutonomoWebService)
2021-04-20 17:45:02.069  INFO 7003 --- [    Test worker] e.a.G.GestaoMicroNegocioApplicationTests : No active profile set, falling back to default profiles: default
2021-04-20 17:45:02.737  INFO 7003 --- [    Test worker] .s.d.r.c.RepositoryConfigurationDelegate : Bootstrapping Spring Data JPA repositories in DEFAULT mode.
2021-04-20 17:45:02.807  INFO 7003 --- [    Test worker] .s.d.r.c.RepositoryConfigurationDelegate : Finished Spring Data repository scanning in 63 ms. Found 5 JPA repository interfaces.
2021-04-20 17:45:03.383  INFO 7003 --- [    Test worker] o.hibernate.jpa.internal.util.LogHelper  : HHH000204: Processing PersistenceUnitInfo [name: default]
2021-04-20 17:45:03.431  INFO 7003 --- [    Test worker] org.hibernate.Version                    : HHH000412: Hibernate ORM core version 5.4.28.Final
2021-04-20 17:45:03.577  INFO 7003 --- [    Test worker] o.hibernate.annotations.common.Version   : HCANN000001: Hibernate Commons Annotations {5.1.2.Final}
2021-04-20 17:45:03.670  INFO 7003 --- [    Test worker] com.zaxxer.hikari.HikariDataSource       : HikariPool-1 - Starting...
2021-04-20 17:45:04.000  INFO 7003 --- [    Test worker] com.zaxxer.hikari.HikariDataSource       : HikariPool-1 - Start completed.
2021-04-20 17:45:04.026  INFO 7003 --- [    Test worker] org.hibernate.dialect.Dialect            : HHH000400: Using dialect: org.hibernate.dialect.MySQL8Dialect
2021-04-20 17:45:04.887  INFO 7003 --- [    Test worker] o.h.e.t.j.p.i.JtaPlatformInitiator       : HHH000490: Using JtaPlatform implementation: [org.hibernate.engine.transaction.jta.platform.internal.NoJtaPlatform]
2021-04-20 17:45:04.896  INFO 7003 --- [    Test worker] j.LocalContainerEntityManagerFactoryBean : Initialized JPA EntityManagerFactory for persistence unit 'default'
2021-04-20 17:45:05.602  WARN 7003 --- [    Test worker] JpaBaseConfiguration$JpaWebConfiguration : spring.jpa.open-in-view is enabled by default. Therefore, database queries may be performed during view rendering. Explicitly configure spring.jpa.open-in-view to disable this warning
2021-04-20 17:45:05.885  INFO 7003 --- [    Test worker] o.s.s.concurrent.ThreadPoolTaskExecutor  : Initializing ExecutorService 'applicationTaskExecutor'
2021-04-20 17:45:06.331  INFO 7003 --- [    Test worker] e.a.G.GestaoMicroNegocioApplicationTests : Started GestaoMicroNegocioApplicationTests in 4.461 seconds (JVM running for 5.569)
]]></system-out>
  <system-err><![CDATA[]]></system-err>
</testsuite>
